

Started GET "/about" for 127.0.0.1 at 2013-10-11 15:48:55 +0530

ActionController::RoutingError (No route matches [GET] "/about"):
  actionpack (4.0.0) lib/action_dispatch/middleware/debug_exceptions.rb:21:in `call'
  actionpack (4.0.0) lib/action_dispatch/middleware/show_exceptions.rb:30:in `call'
  railties (4.0.0) lib/rails/rack/logger.rb:38:in `call_app'
  railties (4.0.0) lib/rails/rack/logger.rb:21:in `block in call'
  activesupport (4.0.0) lib/active_support/tagged_logging.rb:67:in `block in tagged'
  activesupport (4.0.0) lib/active_support/tagged_logging.rb:25:in `tagged'
  activesupport (4.0.0) lib/active_support/tagged_logging.rb:67:in `tagged'
  railties (4.0.0) lib/rails/rack/logger.rb:21:in `call'
  actionpack (4.0.0) lib/action_dispatch/middleware/request_id.rb:21:in `call'
  rack (1.5.2) lib/rack/methodoverride.rb:21:in `call'
  rack (1.5.2) lib/rack/runtime.rb:17:in `call'
  activesupport (4.0.0) lib/active_support/cache/strategy/local_cache.rb:83:in `call'
  rack (1.5.2) lib/rack/lock.rb:17:in `call'
  actionpack (4.0.0) lib/action_dispatch/middleware/static.rb:64:in `call'
  railties (4.0.0) lib/rails/engine.rb:511:in `call'
  railties (4.0.0) lib/rails/application.rb:97:in `call'
  rack (1.5.2) lib/rack/content_length.rb:14:in `call'
  unicorn (4.6.3) lib/unicorn/http_server.rb:552:in `process_client'
  unicorn (4.6.3) lib/unicorn/http_server.rb:632:in `worker_loop'
  unicorn (4.6.3) lib/unicorn/http_server.rb:500:in `spawn_missing_workers'
  unicorn (4.6.3) lib/unicorn/http_server.rb:142:in `start'
  unicorn-rails (1.1.0) lib/unicorn/rails.rb:24:in `run'
  rack (1.5.2) lib/rack/server.rb:264:in `start'
  railties (4.0.0) lib/rails/commands/server.rb:84:in `start'
  railties (4.0.0) lib/rails/commands.rb:78:in `block in <top (required)>'
  railties (4.0.0) lib/rails/commands.rb:73:in `tap'
  railties (4.0.0) lib/rails/commands.rb:73:in `<top (required)>'
  bin/rails:4:in `require'
  bin/rails:4:in `<main>'


  Rendered /home/kaylors/.rvm/gems/ruby-2.0.0-p247/gems/actionpack-4.0.0/lib/action_dispatch/middleware/templates/rescues/_trace.erb (1.3ms)
  Rendered /home/kaylors/.rvm/gems/ruby-2.0.0-p247/gems/actionpack-4.0.0/lib/action_dispatch/middleware/templates/routes/_route.html.erb (1.2ms)
  Rendered /home/kaylors/.rvm/gems/ruby-2.0.0-p247/gems/actionpack-4.0.0/lib/action_dispatch/middleware/templates/routes/_table.html.erb (13.2ms)
  Rendered /home/kaylors/.rvm/gems/ruby-2.0.0-p247/gems/actionpack-4.0.0/lib/action_dispatch/middleware/templates/rescues/routing_error.erb within rescues/layout (34.8ms)


Started GET "/about" for 127.0.0.1 at 2013-10-11 15:50:16 +0530
Processing by SiteController#about as HTML
  Rendered site/about.html.erb within layouts/application (0.4ms)
Completed 200 OK in 1468ms (Views: 1420.5ms | ActiveRecord: 0.0ms)


Started GET "/assets/application.css?body=1" for 127.0.0.1 at 2013-10-11 15:50:19 +0530


Started GET "/assets/site.css?body=1" for 127.0.0.1 at 2013-10-11 15:50:19 +0530


Started GET "/assets/jquery.js?body=1" for 127.0.0.1 at 2013-10-11 15:50:19 +0530


Started GET "/assets/jquery_ujs.js?body=1" for 127.0.0.1 at 2013-10-11 15:50:19 +0530


Started GET "/assets/turbolinks.js?body=1" for 127.0.0.1 at 2013-10-11 15:50:19 +0530


Started GET "/assets/site.js?body=1" for 127.0.0.1 at 2013-10-11 15:50:19 +0530


Started GET "/assets/application.js?body=1" for 127.0.0.1 at 2013-10-11 15:50:19 +0530


Started GET "/about" for 127.0.0.1 at 2013-10-11 15:50:25 +0530
Processing by SiteController#about as HTML
  Rendered site/about.html.erb within layouts/application (1.0ms)
Completed 200 OK in 11ms (Views: 8.9ms | ActiveRecord: 0.0ms)


Started GET "/" for 127.0.0.1 at 2013-10-11 15:50:28 +0530
Processing by SiteController#index as HTML
  Rendered site/index.html.erb within layouts/application (0.9ms)
Completed 200 OK in 11ms (Views: 9.6ms | ActiveRecord: 0.0ms)


Started GET "/contact" for 127.0.0.1 at 2013-10-11 15:50:29 +0530
Processing by SiteController#contact as HTML
  Rendered site/contact.html.erb within layouts/application (0.9ms)
Completed 200 OK in 15ms (Views: 12.9ms | ActiveRecord: 0.0ms)


Started GET "/projects" for 127.0.0.1 at 2013-10-11 15:50:30 +0530
Processing by SiteController#projects as HTML
  Rendered site/projects.html.erb within layouts/application (34.4ms)
Completed 200 OK in 41ms (Views: 39.6ms | ActiveRecord: 0.0ms)


Started GET "/" for 127.0.0.1 at 2013-10-11 15:50:31 +0530
Processing by SiteController#index as HTML
  Rendered site/index.html.erb within layouts/application (0.1ms)
Completed 200 OK in 12ms (Views: 10.4ms | ActiveRecord: 0.0ms)
